Using pre-set license
Built from '2020.2/staging' branch; Version is '2020.2.7f1 (c53830e277f1) revision 12924976'; Using compiler version '192528614'; Build Type 'Release'
OS: 'Windows 10 Home; OS build 19042.867; Version 2009; 64bit' Language: 'ko' Physical Memory: 16291 MB
BatchMode: 1, IsHumanControllingUs: 0, StartBugReporterOnCrash: 0, Is64bit: 1, IsPro: 0

 COMMAND LINE ARGUMENTS:
C:\unity\2020.2.7f1\Editor\Unity.exe
-adb2
-batchMode
-noUpm
-name
AssetImportWorker0
-projectPath
C:/Users/zeras/Desktop/D/Test_git/2dTest
-logFile
Logs/AssetImportWorker0.log
-srvPort
51916
Successfully changed project path to: C:/Users/zeras/Desktop/D/Test_git/2dTest
C:/Users/zeras/Desktop/D/Test_git/2dTest
Using Asset Import Pipeline V2.
Refreshing native plugins compatible for Editor in 37.01 ms, found 1 plugins.
Preloading 0 native plugins for Editor in 0.00 ms.
Initialize engine version: 2020.2.7f1 (c53830e277f1)
[Subsystems] Discovering subsystems at path C:/unity/2020.2.7f1/Editor/Data/Resources/UnitySubsystems
[Subsystems] Discovering subsystems at path C:/Users/zeras/Desktop/D/Test_git/2dTest/Assets
GfxDevice: creating device client; threaded=0
Direct3D:
    Version:  Direct3D 11.0 [level 11.1]
    Renderer: NVIDIA GeForce GTX 1070 Ti (ID=0x1b82)
    Vendor:   
    VRAM:     8079 MB
    Driver:   27.21.14.5671
Initialize mono
Mono path[0] = 'C:/unity/2020.2.7f1/Editor/Data/Managed'
Mono path[1] = 'C:/unity/2020.2.7f1/Editor/Data/MonoBleedingEdge/lib/mono/unityjit'
Mono config path = 'C:/unity/2020.2.7f1/Editor/Data/MonoBleedingEdge/etc'
Using monoOptions --debugger-agent=transport=dt_socket,embedding=1,server=y,suspend=n,address=127.0.0.1:56344
Begin MonoManager ReloadAssembly
Registering precompiled unity dll's ...
Register platform support module: C:/unity/2020.2.7f1/Editor/Data/PlaybackEngines/WindowsStandaloneSupport/UnityEditor.WindowsStandalone.Extensions.dll
Registered in 0.003203 seconds.
Native extension for WindowsStandalone target not found
Refreshing native plugins compatible for Editor in 38.83 ms, found 1 plugins.
Preloading 0 native plugins for Editor in 0.00 ms.
Unable to find bridge dll in registry for Microsoft Visual Studio Tools for Unity for C:\Program Files (x86)\Microsoft Visual Studio\2019\Community\Common7\IDE\devenv.exe
Invoked RoslynAnalysisRunner static constructor.
RoslynAnalysisRunner will not be running.
RoslynAnalysisRunner has terminated.
Mono: successfully reloaded assembly
- Completed reload, in  1.597 seconds
Platform modules already initialized, skipping
Registering precompiled user dll's ...
Registered in 0.001323 seconds.
Begin MonoManager ReloadAssembly
Native extension for WindowsStandalone target not found
Refreshing native plugins compatible for Editor in 42.54 ms, found 1 plugins.
Preloading 0 native plugins for Editor in 0.00 ms.
Invoked RoslynAnalysisRunner static constructor.
RoslynAnalysisRunner will not be running.
RoslynAnalysisRunner has terminated.
Mono: successfully reloaded assembly
- Completed reload, in  1.137 seconds
Platform modules already initialized, skipping
========================================================================
Worker process is ready to serve import requests
Launched and connected shader compiler UnityShaderCompiler.exe after 0.19 seconds
Refreshing native plugins compatible for Editor in 0.41 ms, found 1 plugins.
Preloading 0 native plugins for Editor in 0.00 ms.
Unloading 1806 Unused Serialized files (Serialized files now loaded: 0)
System memory in use before: 84.5 MB.
System memory in use after: 84.5 MB.

Unloading 24 unused Assets to reduce memory usage. Loaded Objects now: 2248.
Total: 4.380500 ms (FindLiveObjects: 0.425300 ms CreateObjectMapping: 0.342000 ms MarkObjects: 3.220200 ms  DeleteObjects: 0.391700 ms)

========================================================================
Received Import Request.
  path: Assets/Custom Edited - Kirby Customs - Kirby Mario & Luigi Dream Team-Style.png
  artifactKey: Guid(cdda11605655f074b9e97d0558e1c74f) Importer(815301076,1909f56bfc062723c751e8b465ee728b)
Start importing Assets/Custom Edited - Kirby Customs - Kirby Mario & Luigi Dream Team-Style.png using Guid(cdda11605655f074b9e97d0558e1c74f) Importer(815301076,1909f56bfc062723c751e8b465ee728b)  -> (artifact id: '4a986cb65dc7afdc8eade5c6f0241f8c') in 0.156753 seconds
  Import took 0.160213 seconds .

========================================================================
Received Import Request.
  Time since last request: 74.010930 seconds.
  path: Assets
  artifactKey: Guid(00000000000000001000000000000000) Importer(815301076,1909f56bfc062723c751e8b465ee728b)
Start importing Assets using Guid(00000000000000001000000000000000) Importer(815301076,1909f56bfc062723c751e8b465ee728b)  -> (artifact id: 'f89434ac489deb914593f829e0a47671') in 0.017126 seconds
  Import took 0.024723 seconds .

========================================================================
Received Import Request.
  Time since last request: 9.078615 seconds.
  path: Assets/Scenes
  artifactKey: Guid(66c9b2492b6096048b77282bf46ec52b) Importer(815301076,1909f56bfc062723c751e8b465ee728b)
Start importing Assets/Scenes using Guid(66c9b2492b6096048b77282bf46ec52b) Importer(815301076,1909f56bfc062723c751e8b465ee728b)  -> (artifact id: '24a9b5bfa1a953e0e7ec5283fc09989c') in 0.010802 seconds
  Import took 0.017567 seconds .

========================================================================
Received Import Request.
  Time since last request: 140.356626 seconds.
  path: Assets/Custom Edited - Kirby Customs - Kirby Mario & Luigi Dream Team-Style.png
  artifactKey: Guid(cdda11605655f074b9e97d0558e1c74f) Importer(815301076,1909f56bfc062723c751e8b465ee728b)
Start importing Assets/Custom Edited - Kirby Customs - Kirby Mario & Luigi Dream Team-Style.png using Guid(cdda11605655f074b9e97d0558e1c74f) Importer(815301076,1909f56bfc062723c751e8b465ee728b)  -> (artifact id: '55b77f637d25a1507dc27b1c6ca5bb8c') in 0.009889 seconds
  Import took 0.013584 seconds .

========================================================================
Received Import Request.
  Time since last request: 10.500377 seconds.
  path: Assets/3DS - WarioWare Gold - Fire Emblem Awakening.png
  artifactKey: Guid(388a5a7acb98f15449271ca544795c01) Importer(815301076,1909f56bfc062723c751e8b465ee728b)
Start importing Assets/3DS - WarioWare Gold - Fire Emblem Awakening.png using Guid(388a5a7acb98f15449271ca544795c01) Importer(815301076,1909f56bfc062723c751e8b465ee728b)  -> (artifact id: '60bc60dfdb5f62a734ccbd955aabde7e') in 0.023986 seconds
  Import took 0.027062 seconds .

========================================================================
Received Import Request.
  Time since last request: 4.815444 seconds.
  path: Assets/3DS - WarioWare Gold - Fire Emblem Awakening.png
  artifactKey: Guid(388a5a7acb98f15449271ca544795c01) Importer(815301076,1909f56bfc062723c751e8b465ee728b)
Start importing Assets/3DS - WarioWare Gold - Fire Emblem Awakening.png using Guid(388a5a7acb98f15449271ca544795c01) Importer(815301076,1909f56bfc062723c751e8b465ee728b)  -> (artifact id: 'fa9d75549289184619b01eab6d5e9255') in 0.013165 seconds
  Import took 0.017007 seconds .

========================================================================
Received Import Request.
  Time since last request: 262.065233 seconds.
  path: Assets/Custom Edited - Kirby Customs - Kirby Mario & Luigi Dream Team-Style.png
  artifactKey: Guid(cdda11605655f074b9e97d0558e1c74f) Importer(815301076,1909f56bfc062723c751e8b465ee728b)
Start importing Assets/Custom Edited - Kirby Customs - Kirby Mario & Luigi Dream Team-Style.png using Guid(cdda11605655f074b9e97d0558e1c74f) Importer(815301076,1909f56bfc062723c751e8b465ee728b)  -> (artifact id: 'cb46d1217b245e521b425d33d1ae789f') in 0.055045 seconds
  Import took 0.059185 seconds .

========================================================================
Received Import Request.
  Time since last request: 65.966895 seconds.
  path: Assets/Custom Edited - Kirby Customs - Kirby Mario & Luigi Dream Team-Style.png
  artifactKey: Guid(cdda11605655f074b9e97d0558e1c74f) Importer(815301076,1909f56bfc062723c751e8b465ee728b)
Start importing Assets/Custom Edited - Kirby Customs - Kirby Mario & Luigi Dream Team-Style.png using Guid(cdda11605655f074b9e97d0558e1c74f) Importer(815301076,1909f56bfc062723c751e8b465ee728b)  -> (artifact id: '8b11ed484af272915cabfca5b2a5a7b8') in 0.034720 seconds
  Import took 0.038588 seconds .

========================================================================
Received Prepare
Registering precompiled user dll's ...
Registered in 0.001667 seconds.
Begin MonoManager ReloadAssembly
Native extension for WindowsStandalone target not found
Refreshing native plugins compatible for Editor in 0.39 ms, found 1 plugins.
Preloading 0 native plugins for Editor in 0.00 ms.
Invoked RoslynAnalysisRunner static constructor.
RoslynAnalysisRunner will not be running.
RoslynAnalysisRunner has terminated.
Mono: successfully reloaded assembly
- Completed reload, in  1.176 seconds
Platform modules already initialized, skipping
Refreshing native plugins compatible for Editor in 0.34 ms, found 1 plugins.
Preloading 0 native plugins for Editor in 0.00 ms.
Unloading 1801 Unused Serialized files (Serialized files now loaded: 0)
System memory in use before: 87.6 MB.
System memory in use after: 87.6 MB.

Unloading 12 unused Assets to reduce memory usage. Loaded Objects now: 2262.
Total: 2.389700 ms (FindLiveObjects: 0.272200 ms CreateObjectMapping: 0.115300 ms MarkObjects: 1.895600 ms  DeleteObjects: 0.105900 ms)

========================================================================
Received Prepare
Registering precompiled user dll's ...
Registered in 0.001891 seconds.
Begin MonoManager ReloadAssembly
Native extension for WindowsStandalone target not found
Refreshing native plugins compatible for Editor in 0.38 ms, found 1 plugins.
Preloading 0 native plugins for Editor in 0.00 ms.
Invoked RoslynAnalysisRunner static constructor.
RoslynAnalysisRunner will not be running.
RoslynAnalysisRunner has terminated.
Mono: successfully reloaded assembly
- Completed reload, in  1.052 seconds
Platform modules already initialized, skipping
Refreshing native plugins compatible for Editor in 0.35 ms, found 1 plugins.
Preloading 0 native plugins for Editor in 0.00 ms.
Unloading 1801 Unused Serialized files (Serialized files now loaded: 0)
System memory in use before: 87.6 MB.
System memory in use after: 87.6 MB.

Unloading 12 unused Assets to reduce memory usage. Loaded Objects now: 2266.
Total: 1.989300 ms (FindLiveObjects: 0.277700 ms CreateObjectMapping: 0.093200 ms MarkObjects: 1.510000 ms  DeleteObjects: 0.106700 ms)

========================================================================
Received Prepare
Registering precompiled user dll's ...
Registered in 0.001572 seconds.
Begin MonoManager ReloadAssembly
Native extension for WindowsStandalone target not found
Refreshing native plugins compatible for Editor in 0.38 ms, found 1 plugins.
Preloading 0 native plugins for Editor in 0.00 ms.
Invoked RoslynAnalysisRunner static constructor.
RoslynAnalysisRunner will not be running.
RoslynAnalysisRunner has terminated.
Mono: successfully reloaded assembly
- Completed reload, in  1.007 seconds
Platform modules already initialized, skipping
Refreshing native plugins compatible for Editor in 0.37 ms, found 1 plugins.
Preloading 0 native plugins for Editor in 0.00 ms.
Unloading 1801 Unused Serialized files (Serialized files now loaded: 0)
System memory in use before: 87.6 MB.
System memory in use after: 87.6 MB.

Unloading 12 unused Assets to reduce memory usage. Loaded Objects now: 2270.
Total: 2.067500 ms (FindLiveObjects: 0.217600 ms CreateObjectMapping: 0.078000 ms MarkObjects: 1.660700 ms  DeleteObjects: 0.109900 ms)

========================================================================
Received Import Request.
  Time since last request: 810.663828 seconds.
  path: Assets/MainPlayer.controller
  artifactKey: Guid(7cdd2e9ac3aa3944384a8785fef9ac29) Importer(815301076,1909f56bfc062723c751e8b465ee728b)
Start importing Assets/MainPlayer.controller using Guid(7cdd2e9ac3aa3944384a8785fef9ac29) Importer(815301076,1909f56bfc062723c751e8b465ee728b)  -> (artifact id: 'dd52ffdf7b9438a3a098eb35a3479fe9') in 0.023654 seconds
  Import took 0.027974 seconds .

========================================================================
Received Import Request.
  Time since last request: 0.001115 seconds.
  path: Assets/MainPlayer.controller
  artifactKey: Guid(7cdd2e9ac3aa3944384a8785fef9ac29) Importer(815301076,1909f56bfc062723c751e8b465ee728b)
Start importing Assets/MainPlayer.controller using Guid(7cdd2e9ac3aa3944384a8785fef9ac29) Importer(815301076,1909f56bfc062723c751e8b465ee728b)  -> (artifact id: 'dd52ffdf7b9438a3a098eb35a3479fe9') in 0.004093 seconds
  Import took 0.007453 seconds .

========================================================================
Received Import Request.
  Time since last request: 128.268837 seconds.
  path: Assets/New Animation.anim
  artifactKey: Guid(fa8944345c4995a45a3074b041ab5cc2) Importer(815301076,1909f56bfc062723c751e8b465ee728b)
Start importing Assets/New Animation.anim using Guid(fa8944345c4995a45a3074b041ab5cc2) Importer(815301076,1909f56bfc062723c751e8b465ee728b)  -> (artifact id: 'dda96d45faae5f76a30ea07468ba48a3') in 0.021969 seconds
  Import took 0.026399 seconds .

========================================================================
Received Import Request.
  Time since last request: 0.000874 seconds.
  path: Assets/New Animation.anim
  artifactKey: Guid(fa8944345c4995a45a3074b041ab5cc2) Importer(815301076,1909f56bfc062723c751e8b465ee728b)
Start importing Assets/New Animation.anim using Guid(fa8944345c4995a45a3074b041ab5cc2) Importer(815301076,1909f56bfc062723c751e8b465ee728b)  -> (artifact id: 'dda96d45faae5f76a30ea07468ba48a3') in 0.014441 seconds
  Import took 0.024145 seconds .

========================================================================
Received Import Request.
  Time since last request: 1271.990385 seconds.
  path: Assets/New Animation1.anim
  artifactKey: Guid(6e5ccec1d45cf4c428d2e4041679be9e) Importer(815301076,1909f56bfc062723c751e8b465ee728b)
Start importing Assets/New Animation1.anim using Guid(6e5ccec1d45cf4c428d2e4041679be9e) Importer(815301076,1909f56bfc062723c751e8b465ee728b)  -> (artifact id: 'd332cd31a6bfc819e8b8d40fc04ad1ae') in 0.008723 seconds
  Import took 0.012540 seconds .

========================================================================
Received Import Request.
  Time since last request: 0.001041 seconds.
  path: Assets/New Animation1.anim
  artifactKey: Guid(6e5ccec1d45cf4c428d2e4041679be9e) Importer(815301076,1909f56bfc062723c751e8b465ee728b)
Start importing Assets/New Animation1.anim using Guid(6e5ccec1d45cf4c428d2e4041679be9e) Importer(815301076,1909f56bfc062723c751e8b465ee728b)  -> (artifact id: 'd332cd31a6bfc819e8b8d40fc04ad1ae') in 0.004041 seconds
  Import took 0.007214 seconds .

========================================================================
Received Prepare
Registering precompiled user dll's ...
Registered in 0.001576 seconds.
Begin MonoManager ReloadAssembly
Native extension for WindowsStandalone target not found
Refreshing native plugins compatible for Editor in 0.38 ms, found 1 plugins.
Preloading 0 native plugins for Editor in 0.00 ms.
Invoked RoslynAnalysisRunner static constructor.
RoslynAnalysisRunner will not be running.
RoslynAnalysisRunner has terminated.
Mono: successfully reloaded assembly
- Completed reload, in  1.027 seconds
Platform modules already initialized, skipping
Refreshing native plugins compatible for Editor in 0.34 ms, found 1 plugins.
Preloading 0 native plugins for Editor in 0.00 ms.
Unloading 1801 Unused Serialized files (Serialized files now loaded: 0)
System memory in use before: 87.7 MB.
System memory in use after: 87.7 MB.

Unloading 12 unused Assets to reduce memory usage. Loaded Objects now: 2274.
Total: 1.912000 ms (FindLiveObjects: 0.157700 ms CreateObjectMapping: 0.053600 ms MarkObjects: 1.591800 ms  DeleteObjects: 0.107700 ms)

========================================================================
Received Import Request.
  Time since last request: 128.618868 seconds.
  path: Assets/New Animation 1.anim
  artifactKey: Guid(8131e34e837a9f14cabeacbcf086b550) Importer(815301076,1909f56bfc062723c751e8b465ee728b)
Start importing Assets/New Animation 1.anim using Guid(8131e34e837a9f14cabeacbcf086b550) Importer(815301076,1909f56bfc062723c751e8b465ee728b)  -> (artifact id: '397def3394c75549ebb77965ca30324f') in 0.015803 seconds
  Import took 0.019245 seconds .

========================================================================
Received Prepare
Registering precompiled user dll's ...
Registered in 0.001461 seconds.
Begin MonoManager ReloadAssembly
Native extension for WindowsStandalone target not found
Refreshing native plugins compatible for Editor in 0.40 ms, found 1 plugins.
Preloading 0 native plugins for Editor in 0.00 ms.
Invoked RoslynAnalysisRunner static constructor.
RoslynAnalysisRunner will not be running.
RoslynAnalysisRunner has terminated.
Mono: successfully reloaded assembly
- Completed reload, in  0.856 seconds
Platform modules already initialized, skipping
Refreshing native plugins compatible for Editor in 0.36 ms, found 1 plugins.
Preloading 0 native plugins for Editor in 0.00 ms.
Unloading 1801 Unused Serialized files (Serialized files now loaded: 0)
System memory in use before: 87.6 MB.
System memory in use after: 87.6 MB.

Unloading 12 unused Assets to reduce memory usage. Loaded Objects now: 2278.
Total: 1.878700 ms (FindLiveObjects: 0.209500 ms CreateObjectMapping: 0.057500 ms MarkObjects: 1.504000 ms  DeleteObjects: 0.106000 ms)

========================================================================
Received Prepare
Registering precompiled user dll's ...
Registered in 0.001527 seconds.
Begin MonoManager ReloadAssembly
Native extension for WindowsStandalone target not found
Refreshing native plugins compatible for Editor in 0.40 ms, found 1 plugins.
Preloading 0 native plugins for Editor in 0.00 ms.
Invoked RoslynAnalysisRunner static constructor.
RoslynAnalysisRunner will not be running.
RoslynAnalysisRunner has terminated.
Mono: successfully reloaded assembly
- Completed reload, in  0.922 seconds
Platform modules already initialized, skipping
Refreshing native plugins compatible for Editor in 0.35 ms, found 1 plugins.
Preloading 0 native plugins for Editor in 0.00 ms.
Unloading 1801 Unused Serialized files (Serialized files now loaded: 0)
System memory in use before: 87.6 MB.
System memory in use after: 87.6 MB.

Unloading 12 unused Assets to reduce memory usage. Loaded Objects now: 2282.
Total: 1.903800 ms (FindLiveObjects: 0.182500 ms CreateObjectMapping: 0.111200 ms MarkObjects: 1.499700 ms  DeleteObjects: 0.108900 ms)

========================================================================
Received Prepare
Registering precompiled user dll's ...
Registered in 0.001463 seconds.
Begin MonoManager ReloadAssembly
Native extension for WindowsStandalone target not found
Refreshing native plugins compatible for Editor in 0.35 ms, found 1 plugins.
Preloading 0 native plugins for Editor in 0.00 ms.
Invoked RoslynAnalysisRunner static constructor.
RoslynAnalysisRunner will not be running.
RoslynAnalysisRunner has terminated.
Mono: successfully reloaded assembly
- Completed reload, in  0.949 seconds
Platform modules already initialized, skipping
Refreshing native plugins compatible for Editor in 0.34 ms, found 1 plugins.
Preloading 0 native plugins for Editor in 0.00 ms.
Unloading 1802 Unused Serialized files (Serialized files now loaded: 0)
System memory in use before: 87.7 MB.
System memory in use after: 87.7 MB.

Unloading 12 unused Assets to reduce memory usage. Loaded Objects now: 2287.
Total: 1.990500 ms (FindLiveObjects: 0.203600 ms CreateObjectMapping: 0.091900 ms MarkObjects: 1.576500 ms  DeleteObjects: 0.116900 ms)

========================================================================
Received Import Request.
  Time since last request: 445.958401 seconds.
  path: Assets/newAnimatorScript.cs
  artifactKey: Guid(375f4a66a3375cf408e2c57c0c24ab49) Importer(815301076,1909f56bfc062723c751e8b465ee728b)
Start importing Assets/newAnimatorScript.cs using Guid(375f4a66a3375cf408e2c57c0c24ab49) Importer(815301076,1909f56bfc062723c751e8b465ee728b)  -> (artifact id: '423e376e7558d76c4369a7a7fb123331') in 0.027869 seconds
  Import took 0.031246 seconds .

========================================================================
Received Prepare
Registering precompiled user dll's ...
Registered in 0.001718 seconds.
Begin MonoManager ReloadAssembly
Native extension for WindowsStandalone target not found
Refreshing native plugins compatible for Editor in 0.38 ms, found 1 plugins.
Preloading 0 native plugins for Editor in 0.00 ms.
Invoked RoslynAnalysisRunner static constructor.
RoslynAnalysisRunner will not be running.
RoslynAnalysisRunner has terminated.
Mono: successfully reloaded assembly
- Completed reload, in  0.921 seconds
Platform modules already initialized, skipping
Refreshing native plugins compatible for Editor in 0.35 ms, found 1 plugins.
Preloading 0 native plugins for Editor in 0.00 ms.
Unloading 1802 Unused Serialized files (Serialized files now loaded: 0)
System memory in use before: 87.7 MB.
System memory in use after: 87.7 MB.

Unloading 12 unused Assets to reduce memory usage. Loaded Objects now: 2291.
Total: 2.122200 ms (FindLiveObjects: 0.375700 ms CreateObjectMapping: 0.110400 ms MarkObjects: 1.525200 ms  DeleteObjects: 0.109800 ms)

========================================================================
Received Import Request.
  Time since last request: 269.576635 seconds.
  path: Assets/newAnimatorScript.cs
  artifactKey: Guid(375f4a66a3375cf408e2c57c0c24ab49) Importer(815301076,1909f56bfc062723c751e8b465ee728b)
Start importing Assets/newAnimatorScript.cs using Guid(375f4a66a3375cf408e2c57c0c24ab49) Importer(815301076,1909f56bfc062723c751e8b465ee728b)  -> (artifact id: 'a5d5447c463c1b8d3d96897c4cac9472') in 0.005681 seconds
  Import took 0.009148 seconds .

========================================================================
Received Import Request.
  Time since last request: 5.049821 seconds.
  path: Assets/MainPlayer.controller
  artifactKey: Guid(7cdd2e9ac3aa3944384a8785fef9ac29) Importer(815301076,1909f56bfc062723c751e8b465ee728b)
Start importing Assets/MainPlayer.controller using Guid(7cdd2e9ac3aa3944384a8785fef9ac29) Importer(815301076,1909f56bfc062723c751e8b465ee728b)  -> (artifact id: 'bf9fb899e5393ed603a43d0fd3681385') in 0.013525 seconds
  Import took 0.017138 seconds .

========================================================================
Received Prepare
Registering precompiled user dll's ...
Registered in 0.001639 seconds.
Begin MonoManager ReloadAssembly
Native extension for WindowsStandalone target not found
Refreshing native plugins compatible for Editor in 0.36 ms, found 1 plugins.
Preloading 0 native plugins for Editor in 0.00 ms.
Invoked RoslynAnalysisRunner static constructor.
RoslynAnalysisRunner will not be running.
RoslynAnalysisRunner has terminated.
Mono: successfully reloaded assembly
- Completed reload, in  1.028 seconds
Platform modules already initialized, skipping
Refreshing native plugins compatible for Editor in 0.37 ms, found 1 plugins.
Preloading 0 native plugins for Editor in 0.00 ms.
Unloading 1802 Unused Serialized files (Serialized files now loaded: 0)
System memory in use before: 87.7 MB.
System memory in use after: 87.7 MB.

Unloading 12 unused Assets to reduce memory usage. Loaded Objects now: 2295.
Total: 1.925200 ms (FindLiveObjects: 0.190700 ms CreateObjectMapping: 0.068000 ms MarkObjects: 1.555000 ms  DeleteObjects: 0.110300 ms)

========================================================================
Received Prepare
Registering precompiled user dll's ...
Registered in 0.001429 seconds.
Begin MonoManager ReloadAssembly
Native extension for WindowsStandalone target not found
Refreshing native plugins compatible for Editor in 0.36 ms, found 1 plugins.
Preloading 0 native plugins for Editor in 0.00 ms.
Invoked RoslynAnalysisRunner static constructor.
RoslynAnalysisRunner will not be running.
RoslynAnalysisRunner has terminated.
Mono: successfully reloaded assembly
- Completed reload, in  1.059 seconds
Platform modules already initialized, skipping
Refreshing native plugins compatible for Editor in 0.35 ms, found 1 plugins.
Preloading 0 native plugins for Editor in 0.00 ms.
Unloading 1802 Unused Serialized files (Serialized files now loaded: 0)
System memory in use before: 87.7 MB.
System memory in use after: 87.7 MB.

Unloading 12 unused Assets to reduce memory usage. Loaded Objects now: 2299.
Total: 2.436800 ms (FindLiveObjects: 0.249700 ms CreateObjectMapping: 0.090000 ms MarkObjects: 1.949800 ms  DeleteObjects: 0.145700 ms)

========================================================================
Received Prepare
Registering precompiled user dll's ...
Registered in 0.001467 seconds.
Begin MonoManager ReloadAssembly
Native extension for WindowsStandalone target not found
Refreshing native plugins compatible for Editor in 0.38 ms, found 1 plugins.
Preloading 0 native plugins for Editor in 0.00 ms.
Invoked RoslynAnalysisRunner static constructor.
RoslynAnalysisRunner will not be running.
RoslynAnalysisRunner has terminated.
Mono: successfully reloaded assembly
- Completed reload, in  1.110 seconds
Platform modules already initialized, skipping
Refreshing native plugins compatible for Editor in 0.35 ms, found 1 plugins.
Preloading 0 native plugins for Editor in 0.00 ms.
Unloading 1802 Unused Serialized files (Serialized files now loaded: 0)
System memory in use before: 87.7 MB.
System memory in use after: 87.7 MB.

Unloading 12 unused Assets to reduce memory usage. Loaded Objects now: 2303.
Total: 2.233800 ms (FindLiveObjects: 0.188200 ms CreateObjectMapping: 0.079600 ms MarkObjects: 1.838900 ms  DeleteObjects: 0.125800 ms)

========================================================================
Received Prepare
Registering precompiled user dll's ...
Registered in 0.002357 seconds.
Begin MonoManager ReloadAssembly
Native extension for WindowsStandalone target not found
Refreshing native plugins compatible for Editor in 0.48 ms, found 1 plugins.
Preloading 0 native plugins for Editor in 0.00 ms.
Invoked RoslynAnalysisRunner static constructor.
RoslynAnalysisRunner will not be running.
RoslynAnalysisRunner has terminated.
Mono: successfully reloaded assembly
- Completed reload, in  1.100 seconds
Platform modules already initialized, skipping
Refreshing native plugins compatible for Editor in 0.35 ms, found 1 plugins.
Preloading 0 native plugins for Editor in 0.00 ms.
Unloading 1802 Unused Serialized files (Serialized files now loaded: 0)
System memory in use before: 87.7 MB.
System memory in use after: 87.7 MB.

Unloading 12 unused Assets to reduce memory usage. Loaded Objects now: 2307.
Total: 2.099400 ms (FindLiveObjects: 0.189200 ms CreateObjectMapping: 0.087700 ms MarkObjects: 1.712500 ms  DeleteObjects: 0.108400 ms)

========================================================================
Received Prepare
Registering precompiled user dll's ...
Registered in 0.001532 seconds.
Begin MonoManager ReloadAssembly
Native extension for WindowsStandalone target not found
Refreshing native plugins compatible for Editor in 0.36 ms, found 1 plugins.
Preloading 0 native plugins for Editor in 0.00 ms.
Invoked RoslynAnalysisRunner static constructor.
RoslynAnalysisRunner will not be running.
RoslynAnalysisRunner has terminated.
Mono: successfully reloaded assembly
- Completed reload, in  1.033 seconds
Platform modules already initialized, skipping
Refreshing native plugins compatible for Editor in 0.34 ms, found 1 plugins.
Preloading 0 native plugins for Editor in 0.00 ms.
Unloading 1802 Unused Serialized files (Serialized files now loaded: 0)
System memory in use before: 87.7 MB.
System memory in use after: 87.7 MB.

Unloading 12 unused Assets to reduce memory usage. Loaded Objects now: 2311.
Total: 2.545400 ms (FindLiveObjects: 0.202800 ms CreateObjectMapping: 0.123900 ms MarkObjects: 2.020600 ms  DeleteObjects: 0.196400 ms)

========================================================================
Received Import Request.
  Time since last request: 236.999756 seconds.
  path: Assets/New Animation.anim
  artifactKey: Guid(fa8944345c4995a45a3074b041ab5cc2) Importer(815301076,1909f56bfc062723c751e8b465ee728b)
Start importing Assets/New Animation.anim using Guid(fa8944345c4995a45a3074b041ab5cc2) Importer(815301076,1909f56bfc062723c751e8b465ee728b)  -> (artifact id: 'a4a5004e749b1521b630b0f44ceea08d') in 0.018064 seconds
  Import took 0.022101 seconds .

========================================================================
Received Import Request.
  Time since last request: 0.039615 seconds.
  path: Assets/New Animation1.anim
  artifactKey: Guid(6e5ccec1d45cf4c428d2e4041679be9e) Importer(815301076,1909f56bfc062723c751e8b465ee728b)
Start importing Assets/New Animation1.anim using Guid(6e5ccec1d45cf4c428d2e4041679be9e) Importer(815301076,1909f56bfc062723c751e8b465ee728b)  -> (artifact id: '2a631d4e6e6e768f6f35e9a608ab01db') in 0.008053 seconds
  Import took 0.011530 seconds .

========================================================================
Received Import Request.
  Time since last request: 0.000586 seconds.
  path: Assets/New Animation1.anim
  artifactKey: Guid(6e5ccec1d45cf4c428d2e4041679be9e) Importer(815301076,1909f56bfc062723c751e8b465ee728b)
Start importing Assets/New Animation1.anim using Guid(6e5ccec1d45cf4c428d2e4041679be9e) Importer(815301076,1909f56bfc062723c751e8b465ee728b)  -> (artifact id: '2a631d4e6e6e768f6f35e9a608ab01db') in 0.007112 seconds
  Import took 0.010337 seconds .

========================================================================
Received Import Request.
  Time since last request: 0.558919 seconds.
  path: Assets/New Animation3.anim
  artifactKey: Guid(f7f55044697bd344a9d876324f8a5d25) Importer(815301076,1909f56bfc062723c751e8b465ee728b)
Start importing Assets/New Animation3.anim using Guid(f7f55044697bd344a9d876324f8a5d25) Importer(815301076,1909f56bfc062723c751e8b465ee728b)  -> (artifact id: '545ffb0e151db716ac507256b696728d') in 0.010456 seconds
  Import took 0.013844 seconds .

========================================================================
Received Prepare
Registering precompiled user dll's ...
Registered in 0.002142 seconds.
Begin MonoManager ReloadAssembly
Native extension for WindowsStandalone target not found
Refreshing native plugins compatible for Editor in 0.40 ms, found 1 plugins.
Preloading 0 native plugins for Editor in 0.00 ms.
Invoked RoslynAnalysisRunner static constructor.
RoslynAnalysisRunner will not be running.
RoslynAnalysisRunner has terminated.
Mono: successfully reloaded assembly
- Completed reload, in  1.186 seconds
Platform modules already initialized, skipping
Refreshing native plugins compatible for Editor in 0.34 ms, found 1 plugins.
Preloading 0 native plugins for Editor in 0.00 ms.
Unloading 1802 Unused Serialized files (Serialized files now loaded: 0)
System memory in use before: 87.7 MB.
System memory in use after: 87.7 MB.

Unloading 12 unused Assets to reduce memory usage. Loaded Objects now: 2315.
Total: 2.282700 ms (FindLiveObjects: 0.248800 ms CreateObjectMapping: 0.077600 ms MarkObjects: 1.827700 ms  DeleteObjects: 0.124800 ms)

========================================================================
Received Prepare
Registering precompiled user dll's ...
Registered in 0.001159 seconds.
Begin MonoManager ReloadAssembly
Native extension for WindowsStandalone target not found
Refreshing native plugins compatible for Editor in 0.34 ms, found 1 plugins.
Preloading 0 native plugins for Editor in 0.00 ms.
Invoked RoslynAnalysisRunner static constructor.
RoslynAnalysisRunner will not be running.
RoslynAnalysisRunner has terminated.
Mono: successfully reloaded assembly
- Completed reload, in  0.861 seconds
Platform modules already initialized, skipping
Refreshing native plugins compatible for Editor in 0.44 ms, found 1 plugins.
Preloading 0 native plugins for Editor in 0.00 ms.
Unloading 1802 Unused Serialized files (Serialized files now loaded: 0)
System memory in use before: 87.8 MB.
System memory in use after: 87.7 MB.

Unloading 12 unused Assets to reduce memory usage. Loaded Objects now: 2319.
Total: 1.952000 ms (FindLiveObjects: 0.191700 ms CreateObjectMapping: 0.131400 ms MarkObjects: 1.515800 ms  DeleteObjects: 0.111800 ms)

========================================================================
Received Prepare
Registering precompiled user dll's ...
Registered in 0.001141 seconds.
Begin MonoManager ReloadAssembly
Native extension for WindowsStandalone target not found
Refreshing native plugins compatible for Editor in 0.35 ms, found 1 plugins.
Preloading 0 native plugins for Editor in 0.00 ms.
Invoked RoslynAnalysisRunner static constructor.
RoslynAnalysisRunner will not be running.
RoslynAnalysisRunner has terminated.
Mono: successfully reloaded assembly
- Completed reload, in  0.887 seconds
Platform modules already initialized, skipping
Refreshing native plugins compatible for Editor in 0.37 ms, found 1 plugins.
Preloading 0 native plugins for Editor in 0.00 ms.
Unloading 1802 Unused Serialized files (Serialized files now loaded: 0)
System memory in use before: 87.8 MB.
System memory in use after: 87.8 MB.

Unloading 12 unused Assets to reduce memory usage. Loaded Objects now: 2323.
Total: 1.816300 ms (FindLiveObjects: 0.174600 ms CreateObjectMapping: 0.066900 ms MarkObjects: 1.470400 ms  DeleteObjects: 0.103100 ms)

========================================================================
Received Prepare
Registering precompiled user dll's ...
Registered in 0.001275 seconds.
Begin MonoManager ReloadAssembly
Native extension for WindowsStandalone target not found
Refreshing native plugins compatible for Editor in 1.21 ms, found 1 plugins.
Preloading 0 native plugins for Editor in 0.00 ms.
Invoked RoslynAnalysisRunner static constructor.
RoslynAnalysisRunner will not be running.
RoslynAnalysisRunner has terminated.
Mono: successfully reloaded assembly
- Completed reload, in  0.948 seconds
Platform modules already initialized, skipping
Refreshing native plugins compatible for Editor in 0.35 ms, found 1 plugins.
Preloading 0 native plugins for Editor in 0.00 ms.
Unloading 1802 Unused Serialized files (Serialized files now loaded: 0)
System memory in use before: 87.8 MB.
System memory in use after: 87.8 MB.

Unloading 12 unused Assets to reduce memory usage. Loaded Objects now: 2327.
Total: 1.884000 ms (FindLiveObjects: 0.187900 ms CreateObjectMapping: 0.077000 ms MarkObjects: 1.511100 ms  DeleteObjects: 0.106800 ms)

========================================================================
Received Prepare
Registering precompiled user dll's ...
Registered in 0.001263 seconds.
Begin MonoManager ReloadAssembly
Native extension for WindowsStandalone target not found
Refreshing native plugins compatible for Editor in 0.39 ms, found 1 plugins.
Preloading 0 native plugins for Editor in 0.00 ms.
Invoked RoslynAnalysisRunner static constructor.
RoslynAnalysisRunner will not be running.
RoslynAnalysisRunner has terminated.
Mono: successfully reloaded assembly
- Completed reload, in  0.889 seconds
Platform modules already initialized, skipping
Refreshing native plugins compatible for Editor in 0.40 ms, found 1 plugins.
Preloading 0 native plugins for Editor in 0.00 ms.
Unloading 1802 Unused Serialized files (Serialized files now loaded: 0)
System memory in use before: 87.8 MB.
System memory in use after: 87.8 MB.

Unloading 12 unused Assets to reduce memory usage. Loaded Objects now: 2331.
Total: 2.026100 ms (FindLiveObjects: 0.324600 ms CreateObjectMapping: 0.094300 ms MarkObjects: 1.499100 ms  DeleteObjects: 0.106700 ms)

========================================================================
Received Prepare
Registering precompiled user dll's ...
Registered in 0.005754 seconds.
Begin MonoManager ReloadAssembly
Native extension for WindowsStandalone target not found
Refreshing native plugins compatible for Editor in 0.45 ms, found 1 plugins.
Preloading 0 native plugins for Editor in 0.00 ms.
Invoked RoslynAnalysisRunner static constructor.
RoslynAnalysisRunner will not be running.
RoslynAnalysisRunner has terminated.
Mono: successfully reloaded assembly
- Completed reload, in  0.849 seconds
Platform modules already initialized, skipping
Refreshing native plugins compatible for Editor in 0.37 ms, found 1 plugins.
Preloading 0 native plugins for Editor in 0.00 ms.
Unloading 1802 Unused Serialized files (Serialized files now loaded: 0)
System memory in use before: 87.8 MB.
System memory in use after: 87.8 MB.

Unloading 12 unused Assets to reduce memory usage. Loaded Objects now: 2335.
Total: 1.880000 ms (FindLiveObjects: 0.215100 ms CreateObjectMapping: 0.077300 ms MarkObjects: 1.481200 ms  DeleteObjects: 0.105200 ms)

========================================================================
Received Prepare
Registering precompiled user dll's ...
Registered in 0.001231 seconds.
Begin MonoManager ReloadAssembly
Native extension for WindowsStandalone target not found
Refreshing native plugins compatible for Editor in 0.35 ms, found 1 plugins.
Preloading 0 native plugins for Editor in 0.00 ms.
Invoked RoslynAnalysisRunner static constructor.
RoslynAnalysisRunner will not be running.
RoslynAnalysisRunner has terminated.
Mono: successfully reloaded assembly
- Completed reload, in  0.885 seconds
Platform modules already initialized, skipping
Refreshing native plugins compatible for Editor in 0.35 ms, found 1 plugins.
Preloading 0 native plugins for Editor in 0.00 ms.
Unloading 1802 Unused Serialized files (Serialized files now loaded: 0)
System memory in use before: 87.8 MB.
System memory in use after: 87.8 MB.

Unloading 12 unused Assets to reduce memory usage. Loaded Objects now: 2339.
Total: 2.330200 ms (FindLiveObjects: 0.282500 ms CreateObjectMapping: 0.132400 ms MarkObjects: 1.791100 ms  DeleteObjects: 0.122800 ms)

========================================================================
Received Prepare
Registering precompiled user dll's ...
Registered in 0.001181 seconds.
Begin MonoManager ReloadAssembly
Native extension for WindowsStandalone target not found
Refreshing native plugins compatible for Editor in 0.39 ms, found 1 plugins.
Preloading 0 native plugins for Editor in 0.00 ms.
Invoked RoslynAnalysisRunner static constructor.
RoslynAnalysisRunner will not be running.
RoslynAnalysisRunner has terminated.
Mono: successfully reloaded assembly
- Completed reload, in  1.335 seconds
Platform modules already initialized, skipping
Refreshing native plugins compatible for Editor in 0.34 ms, found 1 plugins.
Preloading 0 native plugins for Editor in 0.00 ms.
Unloading 1802 Unused Serialized files (Serialized files now loaded: 0)
System memory in use before: 87.8 MB.
System memory in use after: 87.8 MB.

Unloading 12 unused Assets to reduce memory usage. Loaded Objects now: 2343.
Total: 2.212500 ms (FindLiveObjects: 0.183600 ms CreateObjectMapping: 0.075000 ms MarkObjects: 1.837300 ms  DeleteObjects: 0.115300 ms)

========================================================================
Received Prepare
Registering precompiled user dll's ...
Registered in 0.001190 seconds.
Begin MonoManager ReloadAssembly
Native extension for WindowsStandalone target not found
Refreshing native plugins compatible for Editor in 0.69 ms, found 1 plugins.
Preloading 0 native plugins for Editor in 0.00 ms.
Invoked RoslynAnalysisRunner static constructor.
RoslynAnalysisRunner will not be running.
RoslynAnalysisRunner has terminated.
Mono: successfully reloaded assembly
- Completed reload, in  1.322 seconds
Platform modules already initialized, skipping
Refreshing native plugins compatible for Editor in 0.36 ms, found 1 plugins.
Preloading 0 native plugins for Editor in 0.00 ms.
Unloading 1802 Unused Serialized files (Serialized files now loaded: 0)
System memory in use before: 87.8 MB.
System memory in use after: 87.8 MB.

Unloading 12 unused Assets to reduce memory usage. Loaded Objects now: 2347.
Total: 2.024700 ms (FindLiveObjects: 0.207600 ms CreateObjectMapping: 0.081800 ms MarkObjects: 1.542500 ms  DeleteObjects: 0.191100 ms)

========================================================================
Received Prepare
Registering precompiled user dll's ...
Registered in 0.001390 seconds.
Begin MonoManager ReloadAssembly
Native extension for WindowsStandalone target not found
Refreshing native plugins compatible for Editor in 1.37 ms, found 1 plugins.
Preloading 0 native plugins for Editor in 0.00 ms.
Invoked RoslynAnalysisRunner static constructor.
RoslynAnalysisRunner will not be running.
RoslynAnalysisRunner has terminated.
Mono: successfully reloaded assembly
- Completed reload, in  1.135 seconds
Platform modules already initialized, skipping
Refreshing native plugins compatible for Editor in 0.36 ms, found 1 plugins.
Preloading 0 native plugins for Editor in 0.00 ms.
Unloading 1802 Unused Serialized files (Serialized files now loaded: 0)
System memory in use before: 87.8 MB.
System memory in use after: 87.8 MB.

Unloading 12 unused Assets to reduce memory usage. Loaded Objects now: 2351.
Total: 1.871500 ms (FindLiveObjects: 0.218200 ms CreateObjectMapping: 0.077800 ms MarkObjects: 1.470400 ms  DeleteObjects: 0.104000 ms)

========================================================================
Received Prepare
Registering precompiled user dll's ...
Registered in 0.001270 seconds.
Begin MonoManager ReloadAssembly
Native extension for WindowsStandalone target not found
Refreshing native plugins compatible for Editor in 0.58 ms, found 1 plugins.
Preloading 0 native plugins for Editor in 0.00 ms.
Invoked RoslynAnalysisRunner static constructor.
RoslynAnalysisRunner will not be running.
RoslynAnalysisRunner has terminated.
Mono: successfully reloaded assembly
- Completed reload, in  1.143 seconds
Platform modules already initialized, skipping
Refreshing native plugins compatible for Editor in 0.45 ms, found 1 plugins.
Preloading 0 native plugins for Editor in 0.00 ms.
Unloading 1802 Unused Serialized files (Serialized files now loaded: 0)
System memory in use before: 87.8 MB.
System memory in use after: 87.8 MB.

Unloading 12 unused Assets to reduce memory usage. Loaded Objects now: 2355.
Total: 2.474600 ms (FindLiveObjects: 0.251100 ms CreateObjectMapping: 0.093200 ms MarkObjects: 2.001100 ms  DeleteObjects: 0.127900 ms)

========================================================================
Received Prepare
Registering precompiled user dll's ...
Registered in 0.001191 seconds.
Begin MonoManager ReloadAssembly
Native extension for WindowsStandalone target not found
Refreshing native plugins compatible for Editor in 0.34 ms, found 1 plugins.
Preloading 0 native plugins for Editor in 0.00 ms.
Invoked RoslynAnalysisRunner static constructor.
RoslynAnalysisRunner will not be running.
RoslynAnalysisRunner has terminated.
Mono: successfully reloaded assembly
- Completed reload, in  1.066 seconds
Platform modules already initialized, skipping
Refreshing native plugins compatible for Editor in 0.35 ms, found 1 plugins.
Preloading 0 native plugins for Editor in 0.00 ms.
Unloading 1802 Unused Serialized files (Serialized files now loaded: 0)
System memory in use before: 87.8 MB.
System memory in use after: 87.8 MB.

Unloading 12 unused Assets to reduce memory usage. Loaded Objects now: 2359.
Total: 2.031200 ms (FindLiveObjects: 0.207100 ms CreateObjectMapping: 0.084700 ms MarkObjects: 1.557400 ms  DeleteObjects: 0.180700 ms)

========================================================================
Received Prepare
Registering precompiled user dll's ...
Registered in 0.001275 seconds.
Begin MonoManager ReloadAssembly
Native extension for WindowsStandalone target not found
Refreshing native plugins compatible for Editor in 0.36 ms, found 1 plugins.
Preloading 0 native plugins for Editor in 0.00 ms.
Invoked RoslynAnalysisRunner static constructor.
RoslynAnalysisRunner will not be running.
RoslynAnalysisRunner has terminated.
Mono: successfully reloaded assembly
- Completed reload, in  1.000 seconds
Platform modules already initialized, skipping
Refreshing native plugins compatible for Editor in 0.34 ms, found 1 plugins.
Preloading 0 native plugins for Editor in 0.00 ms.
Unloading 1802 Unused Serialized files (Serialized files now loaded: 0)
System memory in use before: 87.8 MB.
System memory in use after: 87.8 MB.

Unloading 12 unused Assets to reduce memory usage. Loaded Objects now: 2363.
Total: 2.570900 ms (FindLiveObjects: 0.324300 ms CreateObjectMapping: 0.119000 ms MarkObjects: 1.934700 ms  DeleteObjects: 0.191700 ms)

========================================================================
Received Prepare
Registering precompiled user dll's ...
Registered in 0.001259 seconds.
Begin MonoManager ReloadAssembly
Native extension for WindowsStandalone target not found
Refreshing native plugins compatible for Editor in 0.60 ms, found 1 plugins.
Preloading 0 native plugins for Editor in 0.00 ms.
Invoked RoslynAnalysisRunner static constructor.
RoslynAnalysisRunner will not be running.
RoslynAnalysisRunner has terminated.
Mono: successfully reloaded assembly
- Completed reload, in  1.050 seconds
Platform modules already initialized, skipping
Refreshing native plugins compatible for Editor in 0.38 ms, found 1 plugins.
Preloading 0 native plugins for Editor in 0.00 ms.
Unloading 1802 Unused Serialized files (Serialized files now loaded: 0)
System memory in use before: 87.8 MB.
System memory in use after: 87.8 MB.

Unloading 12 unused Assets to reduce memory usage. Loaded Objects now: 2367.
Total: 1.933700 ms (FindLiveObjects: 0.173700 ms CreateObjectMapping: 0.064800 ms MarkObjects: 1.583600 ms  DeleteObjects: 0.110400 ms)

========================================================================
Received Prepare
Registering precompiled user dll's ...
Registered in 0.001208 seconds.
Begin MonoManager ReloadAssembly
Native extension for WindowsStandalone target not found
Refreshing native plugins compatible for Editor in 0.42 ms, found 1 plugins.
Preloading 0 native plugins for Editor in 0.00 ms.
Invoked RoslynAnalysisRunner static constructor.
RoslynAnalysisRunner will not be running.
RoslynAnalysisRunner has terminated.
Mono: successfully reloaded assembly
- Completed reload, in  1.058 seconds
Platform modules already initialized, skipping
Refreshing native plugins compatible for Editor in 0.37 ms, found 1 plugins.
Preloading 0 native plugins for Editor in 0.00 ms.
Unloading 1802 Unused Serialized files (Serialized files now loaded: 0)
System memory in use before: 87.9 MB.
System memory in use after: 87.9 MB.

Unloading 12 unused Assets to reduce memory usage. Loaded Objects now: 2371.
Total: 2.156900 ms (FindLiveObjects: 0.273700 ms CreateObjectMapping: 0.088500 ms MarkObjects: 1.678100 ms  DeleteObjects: 0.115000 ms)

========================================================================
Received Prepare
Registering precompiled user dll's ...
Registered in 0.001187 seconds.
Begin MonoManager ReloadAssembly
Native extension for WindowsStandalone target not found
Refreshing native plugins compatible for Editor in 0.37 ms, found 1 plugins.
Preloading 0 native plugins for Editor in 0.00 ms.
Invoked RoslynAnalysisRunner static constructor.
RoslynAnalysisRunner will not be running.
RoslynAnalysisRunner has terminated.
Mono: successfully reloaded assembly
- Completed reload, in  0.981 seconds
Platform modules already initialized, skipping
Refreshing native plugins compatible for Editor in 0.66 ms, found 1 plugins.
Preloading 0 native plugins for Editor in 0.00 ms.
Unloading 1802 Unused Serialized files (Serialized files now loaded: 0)
System memory in use before: 87.9 MB.
System memory in use after: 87.9 MB.

Unloading 12 unused Assets to reduce memory usage. Loaded Objects now: 2375.
Total: 1.927500 ms (FindLiveObjects: 0.189200 ms CreateObjectMapping: 0.077200 ms MarkObjects: 1.558900 ms  DeleteObjects: 0.101000 ms)

========================================================================
Received Prepare
Registering precompiled user dll's ...
Registered in 0.001259 seconds.
Begin MonoManager ReloadAssembly
Native extension for WindowsStandalone target not found
Refreshing native plugins compatible for Editor in 1.02 ms, found 1 plugins.
Preloading 0 native plugins for Editor in 0.00 ms.
Invoked RoslynAnalysisRunner static constructor.
RoslynAnalysisRunner will not be running.
RoslynAnalysisRunner has terminated.
Mono: successfully reloaded assembly
- Completed reload, in  1.037 seconds
Platform modules already initialized, skipping
Refreshing native plugins compatible for Editor in 0.34 ms, found 1 plugins.
Preloading 0 native plugins for Editor in 0.00 ms.
Unloading 1802 Unused Serialized files (Serialized files now loaded: 0)
System memory in use before: 87.9 MB.
System memory in use after: 87.9 MB.

Unloading 12 unused Assets to reduce memory usage. Loaded Objects now: 2379.
Total: 1.986400 ms (FindLiveObjects: 0.234800 ms CreateObjectMapping: 0.085200 ms MarkObjects: 1.555100 ms  DeleteObjects: 0.109300 ms)

========================================================================
Received Prepare
Registering precompiled user dll's ...
Registered in 0.001223 seconds.
Begin MonoManager ReloadAssembly
Native extension for WindowsStandalone target not found
Refreshing native plugins compatible for Editor in 0.38 ms, found 1 plugins.
Preloading 0 native plugins for Editor in 0.00 ms.
Invoked RoslynAnalysisRunner static constructor.
RoslynAnalysisRunner will not be running.
RoslynAnalysisRunner has terminated.
Mono: successfully reloaded assembly
- Completed reload, in  1.031 seconds
Platform modules already initialized, skipping
Refreshing native plugins compatible for Editor in 0.35 ms, found 1 plugins.
Preloading 0 native plugins for Editor in 0.00 ms.
Unloading 1802 Unused Serialized files (Serialized files now loaded: 0)
System memory in use before: 87.9 MB.
System memory in use after: 87.9 MB.

Unloading 12 unused Assets to reduce memory usage. Loaded Objects now: 2383.
Total: 2.573100 ms (FindLiveObjects: 0.308600 ms CreateObjectMapping: 0.140300 ms MarkObjects: 1.931500 ms  DeleteObjects: 0.191200 ms)

========================================================================
Received Prepare
Registering precompiled user dll's ...
Registered in 0.001226 seconds.
Begin MonoManager ReloadAssembly
Native extension for WindowsStandalone target not found
Refreshing native plugins compatible for Editor in 0.41 ms, found 1 plugins.
Preloading 0 native plugins for Editor in 0.00 ms.
Invoked RoslynAnalysisRunner static constructor.
RoslynAnalysisRunner will not be running.
RoslynAnalysisRunner has terminated.
Mono: successfully reloaded assembly
- Completed reload, in  1.084 seconds
Platform modules already initialized, skipping
Refreshing native plugins compatible for Editor in 0.34 ms, found 1 plugins.
Preloading 0 native plugins for Editor in 0.00 ms.
Unloading 1802 Unused Serialized files (Serialized files now loaded: 0)
System memory in use before: 87.9 MB.
System memory in use after: 87.9 MB.

Unloading 12 unused Assets to reduce memory usage. Loaded Objects now: 2387.
Total: 2.035200 ms (FindLiveObjects: 0.229100 ms CreateObjectMapping: 0.089400 ms MarkObjects: 1.531800 ms  DeleteObjects: 0.183500 ms)

========================================================================
Received Prepare
Registering precompiled user dll's ...
Registered in 0.001619 seconds.
Begin MonoManager ReloadAssembly
Native extension for WindowsStandalone target not found
Refreshing native plugins compatible for Editor in 0.34 ms, found 1 plugins.
Preloading 0 native plugins for Editor in 0.00 ms.
Invoked RoslynAnalysisRunner static constructor.
RoslynAnalysisRunner will not be running.
RoslynAnalysisRunner has terminated.
Mono: successfully reloaded assembly
- Completed reload, in  0.883 seconds
Platform modules already initialized, skipping
Refreshing native plugins compatible for Editor in 0.59 ms, found 1 plugins.
Preloading 0 native plugins for Editor in 0.00 ms.
Unloading 1802 Unused Serialized files (Serialized files now loaded: 0)
System memory in use before: 87.9 MB.
System memory in use after: 87.9 MB.

Unloading 12 unused Assets to reduce memory usage. Loaded Objects now: 2391.
Total: 2.375300 ms (FindLiveObjects: 0.216700 ms CreateObjectMapping: 0.082300 ms MarkObjects: 1.850800 ms  DeleteObjects: 0.224200 ms)

========================================================================
Received Prepare
Registering precompiled user dll's ...
Registered in 0.001534 seconds.
Begin MonoManager ReloadAssembly
Native extension for WindowsStandalone target not found
Refreshing native plugins compatible for Editor in 0.38 ms, found 1 plugins.
Preloading 0 native plugins for Editor in 0.00 ms.
Invoked RoslynAnalysisRunner static constructor.
RoslynAnalysisRunner will not be running.
RoslynAnalysisRunner has terminated.
Mono: successfully reloaded assembly
- Completed reload, in  1.096 seconds
Platform modules already initialized, skipping
Refreshing native plugins compatible for Editor in 0.36 ms, found 1 plugins.
Preloading 0 native plugins for Editor in 0.00 ms.
Unloading 1802 Unused Serialized files (Serialized files now loaded: 0)
System memory in use before: 87.9 MB.
System memory in use after: 87.9 MB.

Unloading 12 unused Assets to reduce memory usage. Loaded Objects now: 2395.
Total: 2.056300 ms (FindLiveObjects: 0.267500 ms CreateObjectMapping: 0.085200 ms MarkObjects: 1.518900 ms  DeleteObjects: 0.183200 ms)

========================================================================
Received Prepare
Registering precompiled user dll's ...
Registered in 0.001335 seconds.
Begin MonoManager ReloadAssembly
Native extension for WindowsStandalone target not found
Refreshing native plugins compatible for Editor in 1.49 ms, found 1 plugins.
Preloading 0 native plugins for Editor in 0.00 ms.
Invoked RoslynAnalysisRunner static constructor.
RoslynAnalysisRunner will not be running.
RoslynAnalysisRunner has terminated.
Mono: successfully reloaded assembly
- Completed reload, in  1.133 seconds
Platform modules already initialized, skipping
Refreshing native plugins compatible for Editor in 0.34 ms, found 1 plugins.
Preloading 0 native plugins for Editor in 0.00 ms.
Unloading 1802 Unused Serialized files (Serialized files now loaded: 0)
System memory in use before: 87.9 MB.
System memory in use after: 87.9 MB.

Unloading 12 unused Assets to reduce memory usage. Loaded Objects now: 2399.
Total: 1.949100 ms (FindLiveObjects: 0.201300 ms CreateObjectMapping: 0.079100 ms MarkObjects: 1.553900 ms  DeleteObjects: 0.113200 ms)

========================================================================
Received Prepare
Registering precompiled user dll's ...
Registered in 0.001241 seconds.
Begin MonoManager ReloadAssembly
Native extension for WindowsStandalone target not found
Refreshing native plugins compatible for Editor in 0.36 ms, found 1 plugins.
Preloading 0 native plugins for Editor in 0.00 ms.
Invoked RoslynAnalysisRunner static constructor.
RoslynAnalysisRunner will not be running.
RoslynAnalysisRunner has terminated.
Mono: successfully reloaded assembly
- Completed reload, in  1.102 seconds
Platform modules already initialized, skipping
Refreshing native plugins compatible for Editor in 0.36 ms, found 1 plugins.
Preloading 0 native plugins for Editor in 0.00 ms.
Unloading 1802 Unused Serialized files (Serialized files now loaded: 0)
System memory in use before: 87.9 MB.
System memory in use after: 87.9 MB.

Unloading 12 unused Assets to reduce memory usage. Loaded Objects now: 2403.
Total: 2.183200 ms (FindLiveObjects: 0.279600 ms CreateObjectMapping: 0.102500 ms MarkObjects: 1.603800 ms  DeleteObjects: 0.196100 ms)

========================================================================
Received Prepare
Registering precompiled user dll's ...
Registered in 0.001230 seconds.
Begin MonoManager ReloadAssembly
Native extension for WindowsStandalone target not found
Refreshing native plugins compatible for Editor in 0.67 ms, found 1 plugins.
Preloading 0 native plugins for Editor in 0.00 ms.
Invoked RoslynAnalysisRunner static constructor.
RoslynAnalysisRunner will not be running.
RoslynAnalysisRunner has terminated.
Mono: successfully reloaded assembly
- Completed reload, in  1.110 seconds
Platform modules already initialized, skipping
Refreshing native plugins compatible for Editor in 0.36 ms, found 1 plugins.
Preloading 0 native plugins for Editor in 0.00 ms.
Unloading 1802 Unused Serialized files (Serialized files now loaded: 0)
System memory in use before: 87.9 MB.
System memory in use after: 87.9 MB.

Unloading 12 unused Assets to reduce memory usage. Loaded Objects now: 2407.
Total: 1.897100 ms (FindLiveObjects: 0.202900 ms CreateObjectMapping: 0.072200 ms MarkObjects: 1.513600 ms  DeleteObjects: 0.107400 ms)

========================================================================
Received Prepare
Registering precompiled user dll's ...
Registered in 0.001192 seconds.
Begin MonoManager ReloadAssembly
Native extension for WindowsStandalone target not found
Refreshing native plugins compatible for Editor in 0.81 ms, found 1 plugins.
Preloading 0 native plugins for Editor in 0.00 ms.
Invoked RoslynAnalysisRunner static constructor.
RoslynAnalysisRunner will not be running.
RoslynAnalysisRunner has terminated.
Mono: successfully reloaded assembly
- Completed reload, in  0.989 seconds
Platform modules already initialized, skipping
Refreshing native plugins compatible for Editor in 0.33 ms, found 1 plugins.
Preloading 0 native plugins for Editor in 0.00 ms.
Unloading 1802 Unused Serialized files (Serialized files now loaded: 0)
System memory in use before: 88.0 MB.
System memory in use after: 87.9 MB.

Unloading 12 unused Assets to reduce memory usage. Loaded Objects now: 2411.
Total: 2.170600 ms (FindLiveObjects: 0.385300 ms CreateObjectMapping: 0.085400 ms MarkObjects: 1.510000 ms  DeleteObjects: 0.188800 ms)

========================================================================
Received Prepare
Registering precompiled user dll's ...
Registered in 0.001175 seconds.
Begin MonoManager ReloadAssembly
Native extension for WindowsStandalone target not found
Refreshing native plugins compatible for Editor in 0.52 ms, found 1 plugins.
Preloading 0 native plugins for Editor in 0.00 ms.
Invoked RoslynAnalysisRunner static constructor.
RoslynAnalysisRunner will not be running.
RoslynAnalysisRunner has terminated.
Mono: successfully reloaded assembly
- Completed reload, in  1.020 seconds
Platform modules already initialized, skipping
Refreshing native plugins compatible for Editor in 0.34 ms, found 1 plugins.
Preloading 0 native plugins for Editor in 0.00 ms.
Unloading 1802 Unused Serialized files (Serialized files now loaded: 0)
System memory in use before: 88.0 MB.
System memory in use after: 87.9 MB.

Unloading 12 unused Assets to reduce memory usage. Loaded Objects now: 2415.
Total: 2.036200 ms (FindLiveObjects: 0.195700 ms CreateObjectMapping: 0.070300 ms MarkObjects: 1.661900 ms  DeleteObjects: 0.107000 ms)

========================================================================
Received Prepare
Registering precompiled user dll's ...
Registered in 0.001162 seconds.
Begin MonoManager ReloadAssembly
Native extension for WindowsStandalone target not found
Refreshing native plugins compatible for Editor in 0.44 ms, found 1 plugins.
Preloading 0 native plugins for Editor in 0.00 ms.
Invoked RoslynAnalysisRunner static constructor.
RoslynAnalysisRunner will not be running.
RoslynAnalysisRunner has terminated.
Mono: successfully reloaded assembly
- Completed reload, in  1.131 seconds
Platform modules already initialized, skipping
Refreshing native plugins compatible for Editor in 0.35 ms, found 1 plugins.
Preloading 0 native plugins for Editor in 0.00 ms.
Unloading 1802 Unused Serialized files (Serialized files now loaded: 0)
System memory in use before: 88.0 MB.
System memory in use after: 88.0 MB.

Unloading 12 unused Assets to reduce memory usage. Loaded Objects now: 2419.
Total: 2.074300 ms (FindLiveObjects: 0.255200 ms CreateObjectMapping: 0.096200 ms MarkObjects: 1.612400 ms  DeleteObjects: 0.109400 ms)

========================================================================
Received Prepare
Registering precompiled user dll's ...
Registered in 0.001153 seconds.
Begin MonoManager ReloadAssembly
Native extension for WindowsStandalone target not found
Refreshing native plugins compatible for Editor in 5.01 ms, found 1 plugins.
Preloading 0 native plugins for Editor in 0.00 ms.
Invoked RoslynAnalysisRunner static constructor.
RoslynAnalysisRunner will not be running.
RoslynAnalysisRunner has terminated.
Mono: successfully reloaded assembly
- Completed reload, in  1.008 seconds
Platform modules already initialized, skipping
Refreshing native plugins compatible for Editor in 0.39 ms, found 1 plugins.
Preloading 0 native plugins for Editor in 0.00 ms.
Unloading 1802 Unused Serialized files (Serialized files now loaded: 0)
System memory in use before: 88.0 MB.
System memory in use after: 88.0 MB.

Unloading 12 unused Assets to reduce memory usage. Loaded Objects now: 2423.
Total: 2.023600 ms (FindLiveObjects: 0.229300 ms CreateObjectMapping: 0.085500 ms MarkObjects: 1.595700 ms  DeleteObjects: 0.112000 ms)

========================================================================
Received Prepare
Registering precompiled user dll's ...
Registered in 0.001177 seconds.
Begin MonoManager ReloadAssembly
Native extension for WindowsStandalone target not found
Refreshing native plugins compatible for Editor in 0.36 ms, found 1 plugins.
Preloading 0 native plugins for Editor in 0.00 ms.
Invoked RoslynAnalysisRunner static constructor.
RoslynAnalysisRunner will not be running.
RoslynAnalysisRunner has terminated.
Mono: successfully reloaded assembly
- Completed reload, in  0.948 seconds
Platform modules already initialized, skipping
Refreshing native plugins compatible for Editor in 0.37 ms, found 1 plugins.
Preloading 0 native plugins for Editor in 0.00 ms.
Unloading 1802 Unused Serialized files (Serialized files now loaded: 0)
System memory in use before: 88.0 MB.
System memory in use after: 88.0 MB.

Unloading 12 unused Assets to reduce memory usage. Loaded Objects now: 2427.
Total: 2.113000 ms (FindLiveObjects: 0.316200 ms CreateObjectMapping: 0.096400 ms MarkObjects: 1.596200 ms  DeleteObjects: 0.102700 ms)

========================================================================
Received Prepare
Registering precompiled user dll's ...
Registered in 0.001234 seconds.
Begin MonoManager ReloadAssembly
Native extension for WindowsStandalone target not found
Refreshing native plugins compatible for Editor in 0.43 ms, found 1 plugins.
Preloading 0 native plugins for Editor in 0.00 ms.
Invoked RoslynAnalysisRunner static constructor.
RoslynAnalysisRunner will not be running.
RoslynAnalysisRunner has terminated.
Mono: successfully reloaded assembly
- Completed reload, in  0.993 seconds
Platform modules already initialized, skipping
Refreshing native plugins compatible for Editor in 0.43 ms, found 1 plugins.
Preloading 0 native plugins for Editor in 0.00 ms.
Unloading 1802 Unused Serialized files (Serialized files now loaded: 0)
System memory in use before: 88.0 MB.
System memory in use after: 88.0 MB.

Unloading 12 unused Assets to reduce memory usage. Loaded Objects now: 2431.
Total: 2.500300 ms (FindLiveObjects: 0.276000 ms CreateObjectMapping: 0.142200 ms MarkObjects: 1.960800 ms  DeleteObjects: 0.119400 ms)

========================================================================
Received Prepare
Registering precompiled user dll's ...
Registered in 0.001400 seconds.
Begin MonoManager ReloadAssembly
Native extension for WindowsStandalone target not found
Refreshing native plugins compatible for Editor in 0.69 ms, found 1 plugins.
Preloading 0 native plugins for Editor in 0.00 ms.
Invoked RoslynAnalysisRunner static constructor.
RoslynAnalysisRunner will not be running.
RoslynAnalysisRunner has terminated.
Mono: successfully reloaded assembly
- Completed reload, in  0.992 seconds
Platform modules already initialized, skipping
Refreshing native plugins compatible for Editor in 0.35 ms, found 1 plugins.
Preloading 0 native plugins for Editor in 0.00 ms.
Unloading 1802 Unused Serialized files (Serialized files now loaded: 0)
System memory in use before: 88.0 MB.
System memory in use after: 88.0 MB.

Unloading 12 unused Assets to reduce memory usage. Loaded Objects now: 2435.
Total: 2.123900 ms (FindLiveObjects: 0.242000 ms CreateObjectMapping: 0.090100 ms MarkObjects: 1.689500 ms  DeleteObjects: 0.100900 ms)

========================================================================
Received Prepare
Registering precompiled user dll's ...
Registered in 0.001215 seconds.
Begin MonoManager ReloadAssembly
Native extension for WindowsStandalone target not found
Refreshing native plugins compatible for Editor in 1.42 ms, found 1 plugins.
Preloading 0 native plugins for Editor in 0.00 ms.
Invoked RoslynAnalysisRunner static constructor.
RoslynAnalysisRunner will not be running.
RoslynAnalysisRunner has terminated.
Mono: successfully reloaded assembly
- Completed reload, in  1.162 seconds
Platform modules already initialized, skipping
Refreshing native plugins compatible for Editor in 0.34 ms, found 1 plugins.
Preloading 0 native plugins for Editor in 0.00 ms.
Unloading 1802 Unused Serialized files (Serialized files now loaded: 0)
System memory in use before: 88.0 MB.
System memory in use after: 88.0 MB.

Unloading 12 unused Assets to reduce memory usage. Loaded Objects now: 2439.
Total: 2.247100 ms (FindLiveObjects: 0.237600 ms CreateObjectMapping: 0.092000 ms MarkObjects: 1.724900 ms  DeleteObjects: 0.190600 ms)

========================================================================
Received Prepare
Registering precompiled user dll's ...
Registered in 0.001226 seconds.
Begin MonoManager ReloadAssembly
Native extension for WindowsStandalone target not found
Refreshing native plugins compatible for Editor in 0.36 ms, found 1 plugins.
Preloading 0 native plugins for Editor in 0.00 ms.
Invoked RoslynAnalysisRunner static constructor.
RoslynAnalysisRunner will not be running.
RoslynAnalysisRunner has terminated.
Mono: successfully reloaded assembly
- Completed reload, in  0.967 seconds
Platform modules already initialized, skipping
Refreshing native plugins compatible for Editor in 0.37 ms, found 1 plugins.
Preloading 0 native plugins for Editor in 0.00 ms.
Unloading 1802 Unused Serialized files (Serialized files now loaded: 0)
System memory in use before: 88.0 MB.
System memory in use after: 88.0 MB.

Unloading 12 unused Assets to reduce memory usage. Loaded Objects now: 2443.
Total: 2.130600 ms (FindLiveObjects: 0.236400 ms CreateObjectMapping: 0.075900 ms MarkObjects: 1.710000 ms  DeleteObjects: 0.107300 ms)

========================================================================
Received Prepare
Registering precompiled user dll's ...
Registered in 0.001143 seconds.
Begin MonoManager ReloadAssembly
Native extension for WindowsStandalone target not found
Refreshing native plugins compatible for Editor in 0.48 ms, found 1 plugins.
Preloading 0 native plugins for Editor in 0.00 ms.
Invoked RoslynAnalysisRunner static constructor.
RoslynAnalysisRunner will not be running.
RoslynAnalysisRunner has terminated.
Mono: successfully reloaded assembly
- Completed reload, in  0.966 seconds
Platform modules already initialized, skipping
Refreshing native plugins compatible for Editor in 0.34 ms, found 1 plugins.
Preloading 0 native plugins for Editor in 0.00 ms.
Unloading 1802 Unused Serialized files (Serialized files now loaded: 0)
System memory in use before: 88.0 MB.
System memory in use after: 88.0 MB.

Unloading 12 unused Assets to reduce memory usage. Loaded Objects now: 2447.
Total: 2.010200 ms (FindLiveObjects: 0.193400 ms CreateObjectMapping: 0.076200 ms MarkObjects: 1.559300 ms  DeleteObjects: 0.180200 ms)

========================================================================
Received Import Request.
  Time since last request: 2105.558430 seconds.
  path: Assets/Custom Edited - Kirby Customs - Kirby Mario & Luigi Dream Team-Style 1.png
  artifactKey: Guid(5c773b7b9054d2c469c350333588454d) Importer(815301076,1909f56bfc062723c751e8b465ee728b)
Start importing Assets/Custom Edited - Kirby Customs - Kirby Mario & Luigi Dream Team-Style 1.png using Guid(5c773b7b9054d2c469c350333588454d) Importer(815301076,1909f56bfc062723c751e8b465ee728b)  -> (artifact id: 'e41efcdff29a572fbd57e807f5a1b123') in 0.100921 seconds
  Import took 0.104536 seconds .

========================================================================
Received Import Request.
  Time since last request: 16.894049 seconds.
  path: Assets/Custom Edited - Kirby Customs - Kirby Mario & Luigi Dream Team-Style left.png
  artifactKey: Guid(5c773b7b9054d2c469c350333588454d) Importer(815301076,1909f56bfc062723c751e8b465ee728b)
Start importing Assets/Custom Edited - Kirby Customs - Kirby Mario & Luigi Dream Team-Style left.png using Guid(5c773b7b9054d2c469c350333588454d) Importer(815301076,1909f56bfc062723c751e8b465ee728b)  -> (artifact id: '600b10507fa63d4f6f8bd523c22f9713') in 0.054277 seconds
  Import took 0.057461 seconds .

========================================================================
Received Import Request.
  Time since last request: 315.567832 seconds.
  path: Assets/Custom Edited - Kirby Customs - Kirby Mario & Luigi Dream Team-Style left.png
  artifactKey: Guid(5c773b7b9054d2c469c350333588454d) Importer(815301076,1909f56bfc062723c751e8b465ee728b)
Start importing Assets/Custom Edited - Kirby Customs - Kirby Mario & Luigi Dream Team-Style left.png using Guid(5c773b7b9054d2c469c350333588454d) Importer(815301076,1909f56bfc062723c751e8b465ee728b)  -> (artifact id: '0e2bd5bf16f381e92fdff59283b08e2c') in 0.071975 seconds
  Import took 0.081374 seconds .

========================================================================
Received Import Request.
  Time since last request: 22.936698 seconds.
  path: Assets/MainPlayer.controller
  artifactKey: Guid(7cdd2e9ac3aa3944384a8785fef9ac29) Importer(815301076,1909f56bfc062723c751e8b465ee728b)
Start importing Assets/MainPlayer.controller using Guid(7cdd2e9ac3aa3944384a8785fef9ac29) Importer(815301076,1909f56bfc062723c751e8b465ee728b)  -> (artifact id: '6cef32eeb4793ed6474e0b231be0b506') in 0.009842 seconds
  Import took 0.013219 seconds .

========================================================================
Received Import Request.
  Time since last request: 0.000330 seconds.
  path: Assets/MainPlayer.controller
  artifactKey: Guid(7cdd2e9ac3aa3944384a8785fef9ac29) Importer(815301076,1909f56bfc062723c751e8b465ee728b)
Start importing Assets/MainPlayer.controller using Guid(7cdd2e9ac3aa3944384a8785fef9ac29) Importer(815301076,1909f56bfc062723c751e8b465ee728b)  -> (artifact id: '6cef32eeb4793ed6474e0b231be0b506') in 0.005250 seconds
  Import took 0.009121 seconds .

========================================================================
Received Import Request.
  Time since last request: 21.341343 seconds.
  path: Assets/New Animation1.anim
  artifactKey: Guid(6e5ccec1d45cf4c428d2e4041679be9e) Importer(815301076,1909f56bfc062723c751e8b465ee728b)
Start importing Assets/New Animation1.anim using Guid(6e5ccec1d45cf4c428d2e4041679be9e) Importer(815301076,1909f56bfc062723c751e8b465ee728b)  -> (artifact id: '2fe298ab94216296b004a88c89b36f54') in 0.004137 seconds
  Import took 0.007603 seconds .

========================================================================
Received Import Request.
  Time since last request: 0.001720 seconds.
  path: Assets/New Animation1.anim
  artifactKey: Guid(6e5ccec1d45cf4c428d2e4041679be9e) Importer(815301076,1909f56bfc062723c751e8b465ee728b)
Start importing Assets/New Animation1.anim using Guid(6e5ccec1d45cf4c428d2e4041679be9e) Importer(815301076,1909f56bfc062723c751e8b465ee728b)  -> (artifact id: '2fe298ab94216296b004a88c89b36f54') in 0.005431 seconds
  Import took 0.008574 seconds .

========================================================================
Received Import Request.
  Time since last request: 0.942912 seconds.
  path: Assets/New Animation.anim
  artifactKey: Guid(fa8944345c4995a45a3074b041ab5cc2) Importer(815301076,1909f56bfc062723c751e8b465ee728b)
Start importing Assets/New Animation.anim using Guid(fa8944345c4995a45a3074b041ab5cc2) Importer(815301076,1909f56bfc062723c751e8b465ee728b)  -> (artifact id: '54379d3a6cd6c5c9734454bf2d7d7238') in 0.004873 seconds
  Import took 0.008216 seconds .

========================================================================
Received Import Request.
  Time since last request: 0.003110 seconds.
  path: Assets/New Animation.anim
  artifactKey: Guid(fa8944345c4995a45a3074b041ab5cc2) Importer(815301076,1909f56bfc062723c751e8b465ee728b)
Start importing Assets/New Animation.anim using Guid(fa8944345c4995a45a3074b041ab5cc2) Importer(815301076,1909f56bfc062723c751e8b465ee728b)  -> (artifact id: '54379d3a6cd6c5c9734454bf2d7d7238') in 0.007606 seconds
  Import took 0.010741 seconds .

========================================================================
Received Import Request.
  Time since last request: 1.257778 seconds.
  path: Assets/monsterAnimation.anim
  artifactKey: Guid(1f06749df9ed5d24d9f1220fa2251b87) Importer(815301076,1909f56bfc062723c751e8b465ee728b)
Start importing Assets/monsterAnimation.anim using Guid(1f06749df9ed5d24d9f1220fa2251b87) Importer(815301076,1909f56bfc062723c751e8b465ee728b)  -> (artifact id: '9290d9bffb5b2889666d02a143b118a3') in 0.009518 seconds
  Import took 0.013018 seconds .

========================================================================
Received Import Request.
  Time since last request: 0.005327 seconds.
  path: Assets/monsterAnimation.anim
  artifactKey: Guid(1f06749df9ed5d24d9f1220fa2251b87) Importer(815301076,1909f56bfc062723c751e8b465ee728b)
Start importing Assets/monsterAnimation.anim using Guid(1f06749df9ed5d24d9f1220fa2251b87) Importer(815301076,1909f56bfc062723c751e8b465ee728b)  -> (artifact id: '9290d9bffb5b2889666d02a143b118a3') in 0.008044 seconds
  Import took 0.012502 seconds .

========================================================================
Received Import Request.
  Time since last request: 9.625431 seconds.
  path: Assets/newAnimatorScript.cs
  artifactKey: Guid(375f4a66a3375cf408e2c57c0c24ab49) Importer(815301076,1909f56bfc062723c751e8b465ee728b)
Start importing Assets/newAnimatorScript.cs using Guid(375f4a66a3375cf408e2c57c0c24ab49) Importer(815301076,1909f56bfc062723c751e8b465ee728b)  -> (artifact id: 'b87bdb1dfa0f7d0dda08337249f0975b') in 0.006349 seconds
  Import took 0.009354 seconds .

========================================================================
Received Import Request.
  Time since last request: 0.289960 seconds.
  path: Assets/newAnimatorScript.cs
  artifactKey: Guid(375f4a66a3375cf408e2c57c0c24ab49) Importer(815301076,1909f56bfc062723c751e8b465ee728b)
Start importing Assets/newAnimatorScript.cs using Guid(375f4a66a3375cf408e2c57c0c24ab49) Importer(815301076,1909f56bfc062723c751e8b465ee728b)  -> (artifact id: 'b87bdb1dfa0f7d0dda08337249f0975b') in 0.006860 seconds
  Import took 0.009804 seconds .

AssetImportWorkerClient::OnTransportError - code=2 error=End of file
